<?xml version="1.0" encoding="iso-8859-1"?>
<tag letters="AaBbCcDdEeFfGgHhIiJjKkLlMmNnOoPpQqRrSsTtUuVvWwXxYyZzÆæØøÅå0123456789[]()!#$&amp;%/\=-+~'`&quot;.,:;*?&lt;=&gt;" />
